[0.083s] DEBUG:colcon:Command line arguments: ['/usr/bin/colcon', 'list', '-p', '--base-paths', '/home/arda/ROS_Project']
[0.083s] DEBUG:colcon:Parsed command line arguments: Namespace(log_base=None, log_level=None, verb_name='list', build_base='build', ignore_user_meta=False, metas=['./colcon.meta'], base_paths=['/home/arda/ROS_Project'], packages_ignore=None, packages_ignore_regex=None, paths=None, packages_up_to=None, packages_up_to_regex=None, packages_above=None, packages_above_and_dependencies=None, packages_above_depth=None, packages_select_by_dep=None, packages_skip_by_dep=None, packages_skip_up_to=None, packages_select_build_failed=False, packages_skip_build_finished=False, packages_select_test_failures=False, packages_skip_test_passed=False, packages_select=None, packages_skip=None, packages_select_regex=None, packages_skip_regex=None, packages_start=None, packages_end=None, allow_overriding=[], topological_order=False, names_only=False, paths_only=True, topological_graph=False, topological_graph_dot=False, topological_graph_density=False, topological_graph_legend=False, topological_graph_dot_cluster=False, topological_graph_dot_include_skipped=False, mixin_files=None, mixin=None, verb_parser=<colcon_mixin.mixin.mixin_argument.MixinArgumentDecorator object at 0x74127c5b29f0>, verb_extension=<colcon_package_information.verb.list.ListVerb object at 0x74127c6526c0>, main=<bound method ListVerb.main of <colcon_package_information.verb.list.ListVerb object at 0x74127c6526c0>>, mixin_verb=('list',))
[0.110s] Level 1:colcon.colcon_core.package_discovery:discover_packages(colcon_meta) check parameters
[0.110s] Level 1:colcon.colcon_core.package_discovery:discover_packages(recursive) check parameters
[0.110s] Level 1:colcon.colcon_core.package_discovery:discover_packages(ignore) check parameters
[0.110s] Level 1:colcon.colcon_core.package_discovery:discover_packages(path) check parameters
[0.110s] Level 1:colcon.colcon_core.package_discovery:discover_packages(recursive) discover
[0.110s] INFO:colcon.colcon_core.package_discovery:Crawling recursively for packages in '/home/arda/ROS_Project'
[0.110s] Level 1:colcon.colcon_core.package_identification:_identify(/home/arda/ROS_Project) by extensions ['ignore', 'ignore_ament_install']
[0.111s] Level 1:colcon.colcon_core.package_identification:_identify(/home/arda/ROS_Project) by extension 'ignore'
[0.111s] Level 1:colcon.colcon_core.package_identification:_identify(/home/arda/ROS_Project) by extension 'ignore_ament_install'
[0.111s] Level 1:colcon.colcon_core.package_identification:_identify(/home/arda/ROS_Project) by extensions ['colcon_pkg']
[0.111s] Level 1:colcon.colcon_core.package_identification:_identify(/home/arda/ROS_Project) by extension 'colcon_pkg'
[0.111s] Level 1:colcon.colcon_core.package_identification:_identify(/home/arda/ROS_Project) by extensions ['colcon_meta']
[0.111s] Level 1:colcon.colcon_core.package_identification:_identify(/home/arda/ROS_Project) by extension 'colcon_meta'
[0.111s] Level 1:colcon.colcon_core.package_identification:_identify(/home/arda/ROS_Project) by extensions ['ros']
[0.111s] Level 1:colcon.colcon_core.package_identification:_identify(/home/arda/ROS_Project) by extension 'ros'
[0.132s] Level 1:colcon.colcon_core.package_identification:_identify(/home/arda/ROS_Project) by extensions ['cmake', 'python']
[0.132s] Level 1:colcon.colcon_core.package_identification:_identify(/home/arda/ROS_Project) by extension 'cmake'
[0.132s] Level 1:colcon.colcon_core.package_identification:_identify(/home/arda/ROS_Project) by extension 'python'
[0.132s] Level 1:colcon.colcon_core.package_identification:_identify(/home/arda/ROS_Project) by extensions ['python_setup_py']
[0.132s] Level 1:colcon.colcon_core.package_identification:_identify(/home/arda/ROS_Project) by extension 'python_setup_py'
[0.132s] Level 1:colcon.colcon_core.package_identification:_identify(/home/arda/ROS_Project/build) by extensions ['ignore', 'ignore_ament_install']
[0.132s] Level 1:colcon.colcon_core.package_identification:_identify(/home/arda/ROS_Project/build) by extension 'ignore'
[0.132s] Level 1:colcon.colcon_core.package_identification:_identify(/home/arda/ROS_Project/build) ignored
[0.132s] Level 1:colcon.colcon_core.package_identification:_identify(/home/arda/ROS_Project/install) by extensions ['ignore', 'ignore_ament_install']
[0.132s] Level 1:colcon.colcon_core.package_identification:_identify(/home/arda/ROS_Project/install) by extension 'ignore'
[0.132s] Level 1:colcon.colcon_core.package_identification:_identify(/home/arda/ROS_Project/install) ignored
[0.132s] Level 1:colcon.colcon_core.package_identification:_identify(/home/arda/ROS_Project/log) by extensions ['ignore', 'ignore_ament_install']
[0.132s] Level 1:colcon.colcon_core.package_identification:_identify(/home/arda/ROS_Project/log) by extension 'ignore'
[0.132s] Level 1:colcon.colcon_core.package_identification:_identify(/home/arda/ROS_Project/log) ignored
[0.132s] Level 1:colcon.colcon_core.package_identification:_identify(/home/arda/ROS_Project/src) by extensions ['ignore', 'ignore_ament_install']
[0.132s] Level 1:colcon.colcon_core.package_identification:_identify(/home/arda/ROS_Project/src) by extension 'ignore'
[0.132s] Level 1:colcon.colcon_core.package_identification:_identify(/home/arda/ROS_Project/src) by extension 'ignore_ament_install'
[0.132s] Level 1:colcon.colcon_core.package_identification:_identify(/home/arda/ROS_Project/src) by extensions ['colcon_pkg']
[0.132s] Level 1:colcon.colcon_core.package_identification:_identify(/home/arda/ROS_Project/src) by extension 'colcon_pkg'
[0.132s] Level 1:colcon.colcon_core.package_identification:_identify(/home/arda/ROS_Project/src) by extensions ['colcon_meta']
[0.132s] Level 1:colcon.colcon_core.package_identification:_identify(/home/arda/ROS_Project/src) by extension 'colcon_meta'
[0.132s] Level 1:colcon.colcon_core.package_identification:_identify(/home/arda/ROS_Project/src) by extensions ['ros']
[0.132s] Level 1:colcon.colcon_core.package_identification:_identify(/home/arda/ROS_Project/src) by extension 'ros'
[0.132s] Level 1:colcon.colcon_core.package_identification:_identify(/home/arda/ROS_Project/src) by extensions ['cmake', 'python']
[0.132s] Level 1:colcon.colcon_core.package_identification:_identify(/home/arda/ROS_Project/src) by extension 'cmake'
[0.132s] Level 1:colcon.colcon_core.package_identification:_identify(/home/arda/ROS_Project/src) by extension 'python'
[0.133s] Level 1:colcon.colcon_core.package_identification:_identify(/home/arda/ROS_Project/src) by extensions ['python_setup_py']
[0.133s] Level 1:colcon.colcon_core.package_identification:_identify(/home/arda/ROS_Project/src) by extension 'python_setup_py'
[0.133s] Level 1:colcon.colcon_core.package_identification:_identify(/home/arda/ROS_Project/src/robot_control) by extensions ['ignore', 'ignore_ament_install']
[0.133s] Level 1:colcon.colcon_core.package_identification:_identify(/home/arda/ROS_Project/src/robot_control) by extension 'ignore'
[0.133s] Level 1:colcon.colcon_core.package_identification:_identify(/home/arda/ROS_Project/src/robot_control) by extension 'ignore_ament_install'
[0.133s] Level 1:colcon.colcon_core.package_identification:_identify(/home/arda/ROS_Project/src/robot_control) by extensions ['colcon_pkg']
[0.133s] Level 1:colcon.colcon_core.package_identification:_identify(/home/arda/ROS_Project/src/robot_control) by extension 'colcon_pkg'
[0.133s] Level 1:colcon.colcon_core.package_identification:_identify(/home/arda/ROS_Project/src/robot_control) by extensions ['colcon_meta']
[0.133s] Level 1:colcon.colcon_core.package_identification:_identify(/home/arda/ROS_Project/src/robot_control) by extension 'colcon_meta'
[0.133s] Level 1:colcon.colcon_core.package_identification:_identify(/home/arda/ROS_Project/src/robot_control) by extensions ['ros']
[0.133s] Level 1:colcon.colcon_core.package_identification:_identify(/home/arda/ROS_Project/src/robot_control) by extension 'ros'
[0.135s] DEBUG:colcon.colcon_core.package_identification:Package '/home/arda/ROS_Project/src/robot_control' with type 'ros.ament_python' and name 'robot_control'
[0.135s] Level 1:colcon.colcon_core.package_discovery:discover_packages(recursive) using defaults
